Using pre-set license
Built from 'trunk' branch; Version is '6000.0.20f1 (05208a74e9aa) revision 336010'; Using compiler version '193933523'; Build Type 'Release'
OS: 'Windows 10  (10.0.19045) 64bit Core' Language: 'en' Physical Memory: 16318 MB
BatchMode: 1, IsHumanControllingUs: 0, StartBugReporterOnCrash: 0, Is64bit: 1, IsPro: 1

COMMAND LINE ARGUMENTS:
C:\Program Files\Unity\Hub\Editor\6000.0.20f1\Editor\Unity.exe
-adb2
-batchMode
-noUpm
-name
AssetImportWorker11
-projectPath
G:/Unity Projects/Bodybuilder/Skelegun
-logFile
Logs/AssetImportWorker11.log
-srvPort
52783
-job-worker-count
7
-background-job-worker-count
8
-asset-garbage-collectors
1
Successfully changed project path to: G:/Unity Projects/Bodybuilder/Skelegun
G:/Unity Projects/Bodybuilder/Skelegun
[UnityMemory] Configuration Parameters - Can be set up in boot.config
    "memorysetup-bucket-allocator-granularity=16"
    "memorysetup-bucket-allocator-bucket-count=8"
    "memorysetup-bucket-allocator-block-size=33554432"
    "memorysetup-bucket-allocator-block-count=8"
    "memorysetup-main-allocator-block-size=16777216"
    "memorysetup-thread-allocator-block-size=16777216"
    "memorysetup-gfx-main-allocator-block-size=16777216"
    "memorysetup-gfx-thread-allocator-block-size=16777216"
    "memorysetup-cache-allocator-block-size=4194304"
    "memorysetup-typetree-allocator-block-size=2097152"
    "memorysetup-profiler-bucket-allocator-granularity=16"
    "memorysetup-profiler-bucket-allocator-bucket-count=8"
    "memorysetup-profiler-bucket-allocator-block-size=33554432"
    "memorysetup-profiler-bucket-allocator-block-count=8"
    "memorysetup-profiler-allocator-block-size=16777216"
    "memorysetup-profiler-editor-allocator-block-size=1048576"
    "memorysetup-temp-allocator-size-main=16777216"
    "memorysetup-job-temp-allocator-block-size=2097152"
    "memorysetup-job-temp-allocator-block-size-background=1048576"
    "memorysetup-job-temp-allocator-reduction-small-platforms=262144"
    "memorysetup-allocator-temp-initial-block-size-main=262144"
    "memorysetup-allocator-temp-initial-block-size-worker=262144"
    "memorysetup-temp-allocator-size-background-worker=32768"
    "memorysetup-temp-allocator-size-job-worker=262144"
    "memorysetup-temp-allocator-size-preload-manager=33554432"
    "memorysetup-temp-allocator-size-nav-mesh-worker=65536"
    "memorysetup-temp-allocator-size-audio-worker=65536"
    "memorysetup-temp-allocator-size-cloud-worker=32768"
    "memorysetup-temp-allocator-size-gi-baking-worker=262144"
    "memorysetup-temp-allocator-size-gi-baking-worker=262144"
    "memorysetup-temp-allocator-size-gi-baking-worker=262144"
    "memorysetup-temp-allocator-size-gi-baking-worker=262144"
    "memorysetup-temp-allocator-size-gi-baking-worker=262144"
    "memorysetup-temp-allocator-size-gfx=262144"
Player connection [30328]  Target information:

Player connection [30328]  * "[IP] 192.168.1.21 [Port] 0 [Flags] 2 [Guid] 3135094835 [EditorId] 3135094835 [Version] 1048832 [Id] WindowsEditor(7,DESKTOP-UTTTQT7) [Debug] 1 [PackageName] WindowsEditor [ProjectName] Editor" 

Player connection [30328] Host joined multi-casting on [225.0.0.222:54997]...
Player connection [30328] Host joined alternative multi-casting on [225.0.0.222:34997]...
JobSystem: Creating JobQueue using job-worker-count value 7
[Physics::Module] Initialized fallback backend.
[Physics::Module] Id: 0xdecafbad
Library Redirect Path: Library/
[Physics::Module] Selected backend.
[Physics::Module] Name: PhysX
[Physics::Module] Id: 0xf2b8ea05
[Physics::Module] SDK Version: 4.1.2
[Physics::Module] Integration Version: 1.0.0
[Physics::Module] Threading Mode: Multi-Threaded
Refreshing native plugins compatible for Editor in 1.68 ms, found 4 plugins.
Preloading 0 native plugins for Editor in 0.00 ms.
Initialize engine version: 6000.0.20f1 (05208a74e9aa)
[Subsystems] Discovering subsystems at path C:/Program Files/Unity/Hub/Editor/6000.0.20f1/Editor/Data/Resources/UnitySubsystems
[Subsystems] Discovering subsystems at path G:/Unity Projects/Bodybuilder/Skelegun/Assets
GfxDevice: creating device client; kGfxThreadingModeNonThreaded
Direct3D:
    Version:  Direct3D 11.0 [level 11.1]
    Renderer: NVIDIA GeForce RTX 3060 (ID=0x2487)
    Vendor:   NVIDIA
    VRAM:     12110 MB
    Driver:   32.0.15.6636
Invalid texture used for cursor - check importer settings or texture creation. Texture must be RGBA32, readable, have alphaIsTransparency enabled and have no mip chain.
Initialize mono
Mono path[0] = 'C:/Program Files/Unity/Hub/Editor/6000.0.20f1/Editor/Data/Managed'
Mono path[1] = 'C:/Program Files/Unity/Hub/Editor/6000.0.20f1/Editor/Data/MonoBleedingEdge/lib/mono/unityjit-win32'
Mono config path = 'C:/Program Files/Unity/Hub/Editor/6000.0.20f1/Editor/Data/MonoBleedingEdge/etc'
Using monoOptions --debugger-agent=transport=dt_socket,embedding=1,server=y,suspend=n,address=127.0.0.1:56704
Begin MonoManager ReloadAssembly
Registering precompiled unity dll's ...
Register platform support module: C:/Program Files/Unity/Hub/Editor/6000.0.20f1/Editor/Data/PlaybackEngines/WindowsStandaloneSupport/UnityEditor.WindowsStandalone.Extensions.dll
Registered in 0.002991 seconds.
- Loaded All Assemblies, in  0.390 seconds
Native extension for WindowsStandalone target not found
Mono: successfully reloaded assembly
- Finished resetting the current domain, in  0.313 seconds
Domain Reload Profiling: 700ms
	BeginReloadAssembly (136ms)
		ExecutionOrderSort (0ms)
		DisableScriptedObjects (0ms)
		BackupInstance (0ms)
		ReleaseScriptingObjects (0ms)
		CreateAndSetChildDomain (1ms)
	RebuildCommonClasses (35ms)
	RebuildNativeTypeToScriptingClass (14ms)
	initialDomainReloadingComplete (50ms)
	LoadAllAssembliesAndSetupDomain (151ms)
		LoadAssemblies (133ms)
		RebuildTransferFunctionScriptingTraits (0ms)
		AnalyzeDomain (149ms)
			TypeCache.Refresh (147ms)
				TypeCache.ScanAssembly (134ms)
			BuildScriptInfoCaches (0ms)
			ResolveRequiredComponents (0ms)
	FinalizeReload (314ms)
		ReleaseScriptCaches (0ms)
		RebuildScriptCaches (0ms)
		SetupLoadedEditorAssemblies (268ms)
			LogAssemblyErrors (0ms)
			InitializePlatformSupportModulesInManaged (28ms)
			SetLoadedEditorAssemblies (4ms)
			BeforeProcessingInitializeOnLoad (6ms)
			ProcessInitializeOnLoadAttributes (165ms)
			ProcessInitializeOnLoadMethodAttributes (62ms)
			AfterProcessingInitializeOnLoad (3ms)
			EditorAssembliesLoaded (0ms)
		ExecutionOrderSort2 (0ms)
		AwakeInstancesAfterBackupRestoration (0ms)
========================================================================
Worker process is ready to serve import requests
Import Worker Mode flag is 0x00
Begin MonoManager ReloadAssembly
- Loaded All Assemblies, in  1.085 seconds
Refreshing native plugins compatible for Editor in 1.02 ms, found 4 plugins.
Native extension for WindowsStandalone target not found
Mono: successfully reloaded assembly
- Finished resetting the current domain, in  0.910 seconds
Domain Reload Profiling: 1991ms
	BeginReloadAssembly (415ms)
		ExecutionOrderSort (0ms)
		DisableScriptedObjects (6ms)
		BackupInstance (0ms)
		ReleaseScriptingObjects (0ms)
		CreateAndSetChildDomain (30ms)
	RebuildCommonClasses (46ms)
	RebuildNativeTypeToScriptingClass (12ms)
	initialDomainReloadingComplete (39ms)
	LoadAllAssembliesAndSetupDomain (568ms)
		LoadAssemblies (355ms)
		RebuildTransferFunctionScriptingTraits (0ms)
		AnalyzeDomain (331ms)
			TypeCache.Refresh (206ms)
				TypeCache.ScanAssembly (188ms)
			BuildScriptInfoCaches (105ms)
			ResolveRequiredComponents (17ms)
	FinalizeReload (910ms)
		ReleaseScriptCaches (0ms)
		RebuildScriptCaches (0ms)
		SetupLoadedEditorAssemblies (666ms)
			LogAssemblyErrors (0ms)
			InitializePlatformSupportModulesInManaged (2ms)
			SetLoadedEditorAssemblies (3ms)
			BeforeProcessingInitializeOnLoad (63ms)
			ProcessInitializeOnLoadAttributes (476ms)
			ProcessInitializeOnLoadMethodAttributes (111ms)
			AfterProcessingInitializeOnLoad (10ms)
			EditorAssembliesLoaded (0ms)
		ExecutionOrderSort2 (0ms)
		AwakeInstancesAfterBackupRestoration (5ms)
Launched and connected shader compiler UnityShaderCompiler.exe after 0.02 seconds
Refreshing native plugins compatible for Editor in 1.17 ms, found 4 plugins.
Preloading 0 native plugins for Editor in 0.00 ms.
Unloading 207 Unused Serialized files (Serialized files now loaded: 0)
Unloading 6605 unused Assets / (4.5 MB). Loaded Objects now: 7386.
Memory consumption went from 203.9 MB to 199.4 MB.
Total: 11.400100 ms (FindLiveObjects: 0.863700 ms CreateObjectMapping: 1.145100 ms MarkObjects: 5.994000 ms  DeleteObjects: 3.396500 ms)

========================================================================
Received Import Request.
  Time since last request: 84962.950663 seconds.
  path: Assets/Prefabs/3D Glasses.prefab
  artifactKey: Guid(333ca2bee9169274f900fbf6ef30bd37) Importer(815301076,1909f56bfc062723c751e8b465ee728b)
Start importing Assets/Prefabs/3D Glasses.prefab using Guid(333ca2bee9169274f900fbf6ef30bd37) Importer(815301076,1909f56bfc062723c751e8b465ee728b) (PreviewImporter) -> (artifact id: 'c34bdb4e1a4fa66dd5a1b408288f477c') in 0.0360986 seconds
Number of updated asset objects reloaded before import = 0Number of asset objects unloaded after import = 6

========================================================================
Received Import Request.
  Time since last request: 21.227914 seconds.
  path: Assets/Sprites/enemies.png
  artifactKey: Guid(2a898a118ce315c4e9f3b0ba33a47a50) Importer(815301076,1909f56bfc062723c751e8b465ee728b)
Start importing Assets/Sprites/enemies.png using Guid(2a898a118ce315c4e9f3b0ba33a47a50) Importer(815301076,1909f56bfc062723c751e8b465ee728b) (PreviewImporter) -> (artifact id: '296a8edf67d16f7ff9f073a4997dd55e') in 0.1191364 seconds
Number of updated asset objects reloaded before import = 0Number of asset objects unloaded after import = 16

========================================================================
Received Import Request.
  Time since last request: 5.064323 seconds.
  path: Assets/Sprites/level.png
  artifactKey: Guid(e74bee53382840d4f80a2e0650339d16) Importer(815301076,1909f56bfc062723c751e8b465ee728b)
Start importing Assets/Sprites/level.png using Guid(e74bee53382840d4f80a2e0650339d16) Importer(815301076,1909f56bfc062723c751e8b465ee728b) (PreviewImporter) -> (artifact id: '5cd8fb90ddadd18e0b688fb3711dc02c') in 0.1434893 seconds
Number of updated asset objects reloaded before import = 0Number of asset objects unloaded after import = 14

========================================================================
Received Import Request.
  Time since last request: 3.968059 seconds.
  path: Assets/Sprites/player.png
  artifactKey: Guid(61928c779097b574e82b595a2451cdb1) Importer(815301076,1909f56bfc062723c751e8b465ee728b)
Start importing Assets/Sprites/player.png using Guid(61928c779097b574e82b595a2451cdb1) Importer(815301076,1909f56bfc062723c751e8b465ee728b) (PreviewImporter) -> (artifact id: '4572b9441dd1b5bbde45a5da9cfef49c') in 0.0599827 seconds
Number of updated asset objects reloaded before import = 0Number of asset objects unloaded after import = 6

========================================================================
Received Import Request.
  Time since last request: 3.164347 seconds.
  path: Assets/Sprites/weapons.png
  artifactKey: Guid(fb5e35c77ab67b542bcf5eb7e6c65a54) Importer(815301076,1909f56bfc062723c751e8b465ee728b)
Start importing Assets/Sprites/weapons.png using Guid(fb5e35c77ab67b542bcf5eb7e6c65a54) Importer(815301076,1909f56bfc062723c751e8b465ee728b) (PreviewImporter) -> (artifact id: 'c4c81893ddad698d8a4dbbfef891d605') in 0.0537283 seconds
Number of updated asset objects reloaded before import = 0Number of asset objects unloaded after import = 8

========================================================================
Received Import Request.
  Time since last request: 24.059697 seconds.
  path: Assets/Sprites/level.png
  artifactKey: Guid(e74bee53382840d4f80a2e0650339d16) Importer(815301076,1909f56bfc062723c751e8b465ee728b)
Start importing Assets/Sprites/level.png using Guid(e74bee53382840d4f80a2e0650339d16) Importer(815301076,1909f56bfc062723c751e8b465ee728b) (PreviewImporter) -> (artifact id: 'c5acf105bba6136f483869abfa719e6b') in 0.0331131 seconds
Number of updated asset objects reloaded before import = 0Number of asset objects unloaded after import = 9

========================================================================
Received Import Request.
  Time since last request: 18.081390 seconds.
  path: Assets/Sprites/weapons.png
  artifactKey: Guid(fb5e35c77ab67b542bcf5eb7e6c65a54) Importer(815301076,1909f56bfc062723c751e8b465ee728b)
Start importing Assets/Sprites/weapons.png using Guid(fb5e35c77ab67b542bcf5eb7e6c65a54) Importer(815301076,1909f56bfc062723c751e8b465ee728b) (PreviewImporter) -> (artifact id: 'e29d0b591e96898628442f10c5795547') in 0.0134429 seconds
Number of updated asset objects reloaded before import = 0Number of asset objects unloaded after import = 3

========================================================================
Received Import Request.
  Time since last request: 337.846649 seconds.
  path: Assets/Sprites/weapons.png
  artifactKey: Guid(fb5e35c77ab67b542bcf5eb7e6c65a54) Importer(815301076,1909f56bfc062723c751e8b465ee728b)
Start importing Assets/Sprites/weapons.png using Guid(fb5e35c77ab67b542bcf5eb7e6c65a54) Importer(815301076,1909f56bfc062723c751e8b465ee728b) (PreviewImporter) -> (artifact id: '2b4514da66c7f6c0059547ea42453846') in 0.0376965 seconds
Number of updated asset objects reloaded before import = 0Number of asset objects unloaded after import = 3

========================================================================
Received Import Request.
  Time since last request: 31.308956 seconds.
  path: Assets/Sprites/bullets.png
  artifactKey: Guid(01dacd3be44c4c94396b0ed3993cc1bd) Importer(815301076,1909f56bfc062723c751e8b465ee728b)
Start importing Assets/Sprites/bullets.png using Guid(01dacd3be44c4c94396b0ed3993cc1bd) Importer(815301076,1909f56bfc062723c751e8b465ee728b) (PreviewImporter) -> (artifact id: '8013ed3ee1dae169ca91e538ba4963aa') in 0.0192907 seconds
Number of updated asset objects reloaded before import = 0Number of asset objects unloaded after import = 5

========================================================================
Received Import Request.
  Time since last request: 12.605847 seconds.
  path: Assets/Prefabs/Player.prefab
  artifactKey: Guid(48ca65dad99dd7140bf15aaf1c844684) Importer(815301076,1909f56bfc062723c751e8b465ee728b)
Start importing Assets/Prefabs/Player.prefab using Guid(48ca65dad99dd7140bf15aaf1c844684) Importer(815301076,1909f56bfc062723c751e8b465ee728b) (PreviewImporter) -> (artifact id: '4240cf49329d4cdc5844f5205af185ad') in 0.4253105 seconds
Number of updated asset objects reloaded before import = 0Number of asset objects unloaded after import = 32

========================================================================
Received Import Request.
  Time since last request: 8.001916 seconds.
  path: Assets/Prefabs/Enemy.prefab
  artifactKey: Guid(0b9433e7d658e0f4ca57153af29aac4f) Importer(815301076,1909f56bfc062723c751e8b465ee728b)
Start importing Assets/Prefabs/Enemy.prefab using Guid(0b9433e7d658e0f4ca57153af29aac4f) Importer(815301076,1909f56bfc062723c751e8b465ee728b) (PreviewImporter) -> (artifact id: '08c289fe7043b6404b693bb0d8b40a39') in 0.0206819 seconds
Number of updated asset objects reloaded before import = 0Number of asset objects unloaded after import = 9

========================================================================
Received Import Request.
  Time since last request: 9.640692 seconds.
  path: Assets/Prefabs/Enemy.prefab
  artifactKey: Guid(0b9433e7d658e0f4ca57153af29aac4f) Importer(815301076,1909f56bfc062723c751e8b465ee728b)
Start importing Assets/Prefabs/Enemy.prefab using Guid(0b9433e7d658e0f4ca57153af29aac4f) Importer(815301076,1909f56bfc062723c751e8b465ee728b) (PreviewImporter) -> (artifact id: '6879adc3ce4f6d0ec817893528459c64') in 0.0058059 seconds
Number of updated asset objects reloaded before import = 0Number of asset objects unloaded after import = 9

========================================================================
Received Import Request.
  Time since last request: 4.127805 seconds.
  path: Assets/Prefabs/Player.prefab
  artifactKey: Guid(48ca65dad99dd7140bf15aaf1c844684) Importer(815301076,1909f56bfc062723c751e8b465ee728b)
Start importing Assets/Prefabs/Player.prefab using Guid(48ca65dad99dd7140bf15aaf1c844684) Importer(815301076,1909f56bfc062723c751e8b465ee728b) (PreviewImporter) -> (artifact id: 'a5b7597978ecc5dcf799a5926dbc1909') in 0.0073827 seconds
Number of updated asset objects reloaded before import = 0Number of asset objects unloaded after import = 32

========================================================================
Received Import Request.
  Time since last request: 6.862355 seconds.
  path: Assets/Prefabs/Training Dummy.prefab
  artifactKey: Guid(6c3ae4b2f9cc8ac489d11ec984b1f50b) Importer(815301076,1909f56bfc062723c751e8b465ee728b)
Start importing Assets/Prefabs/Training Dummy.prefab using Guid(6c3ae4b2f9cc8ac489d11ec984b1f50b) Importer(815301076,1909f56bfc062723c751e8b465ee728b) (PreviewImporter) -> (artifact id: 'c7b0c8d557f0b6cd3323be3756de1d95') in 0.0257595 seconds
Number of updated asset objects reloaded before import = 0Number of asset objects unloaded after import = 9

========================================================================
Received Import Request.
  Time since last request: 21.502696 seconds.
  path: Assets/Sprites/enemies.png
  artifactKey: Guid(2a898a118ce315c4e9f3b0ba33a47a50) Importer(815301076,1909f56bfc062723c751e8b465ee728b)
Start importing Assets/Sprites/enemies.png using Guid(2a898a118ce315c4e9f3b0ba33a47a50) Importer(815301076,1909f56bfc062723c751e8b465ee728b) (PreviewImporter) -> (artifact id: '0b7fbf9c29110781e8079dc98c6e9798') in 0.0596612 seconds
Number of updated asset objects reloaded before import = 0Number of asset objects unloaded after import = 16

========================================================================
Received Import Request.
  Time since last request: 4.987761 seconds.
  path: Assets/Sprites/items.png
  artifactKey: Guid(d940855f2006d3a4d8e0523ad5869afc) Importer(815301076,1909f56bfc062723c751e8b465ee728b)
Start importing Assets/Sprites/items.png using Guid(d940855f2006d3a4d8e0523ad5869afc) Importer(815301076,1909f56bfc062723c751e8b465ee728b) (PreviewImporter) -> (artifact id: 'ce2f591f795be570cda4ea7ad1925bcb') in 0.1029835 seconds
Number of updated asset objects reloaded before import = 0Number of asset objects unloaded after import = 15

========================================================================
Received Import Request.
  Time since last request: 2.877531 seconds.
  path: Assets/Sprites/level.png
  artifactKey: Guid(e74bee53382840d4f80a2e0650339d16) Importer(815301076,1909f56bfc062723c751e8b465ee728b)
Start importing Assets/Sprites/level.png using Guid(e74bee53382840d4f80a2e0650339d16) Importer(815301076,1909f56bfc062723c751e8b465ee728b) (PreviewImporter) -> (artifact id: '02999ac1ff31b5e784d4b17fcb352cb9') in 0.0629975 seconds
Number of updated asset objects reloaded before import = 0Number of asset objects unloaded after import = 9

========================================================================
Received Import Request.
  Time since last request: 2.882278 seconds.
  path: Assets/Sprites/player.png
  artifactKey: Guid(61928c779097b574e82b595a2451cdb1) Importer(815301076,1909f56bfc062723c751e8b465ee728b)
Start importing Assets/Sprites/player.png using Guid(61928c779097b574e82b595a2451cdb1) Importer(815301076,1909f56bfc062723c751e8b465ee728b) (PreviewImporter) -> (artifact id: '8c2d77de8d6e012eb53f4f448b3daddb') in 0.013325 seconds
Number of updated asset objects reloaded before import = 0Number of asset objects unloaded after import = 6

========================================================================
Received Import Request.
  Time since last request: 2.326704 seconds.
  path: Assets/Sprites/weapons.png
  artifactKey: Guid(fb5e35c77ab67b542bcf5eb7e6c65a54) Importer(815301076,1909f56bfc062723c751e8b465ee728b)
Start importing Assets/Sprites/weapons.png using Guid(fb5e35c77ab67b542bcf5eb7e6c65a54) Importer(815301076,1909f56bfc062723c751e8b465ee728b) (PreviewImporter) -> (artifact id: '47b4f1d5fc5521d660b419b49b0d5f79') in 0.0244189 seconds
Number of updated asset objects reloaded before import = 0Number of asset objects unloaded after import = 3

========================================================================
Received Import Request.
  Time since last request: 97.694855 seconds.
  path: Assets/Sprites/Tiles/level_0.asset
  artifactKey: Guid(264bd8020cce2bf4c944cb17e1c970f3) Importer(815301076,1909f56bfc062723c751e8b465ee728b)
Start importing Assets/Sprites/Tiles/level_0.asset using Guid(264bd8020cce2bf4c944cb17e1c970f3) Importer(815301076,1909f56bfc062723c751e8b465ee728b) (PreviewImporter) -> (artifact id: '576b9186e8daf40b1ead1bf8e4c0308d') in 0.0113975 seconds
Number of updated asset objects reloaded before import = 0Number of asset objects unloaded after import = 3

========================================================================
Received Import Request.
  Time since last request: 0.000022 seconds.
  path: Assets/Sprites/Tiles/sprites_18.asset
  artifactKey: Guid(34a4e893345e7c541b7e859c8b8626fe) Importer(815301076,1909f56bfc062723c751e8b465ee728b)
Start importing Assets/Sprites/Tiles/sprites_18.asset using Guid(34a4e893345e7c541b7e859c8b8626fe) Importer(815301076,1909f56bfc062723c751e8b465ee728b) (PreviewImporter) -> (artifact id: '9ea08ec6e2f2ddcffa60b220a164e444') in 0.0020794 seconds
Number of updated asset objects reloaded before import = 0Number of asset objects unloaded after import = 1

========================================================================
Received Import Request.
  Time since last request: 0.000037 seconds.
  path: Assets/Sprites/Tiles/sprites_6.asset
  artifactKey: Guid(05b4ae74924b3bb44b9adc4ef34a3e87) Importer(815301076,1909f56bfc062723c751e8b465ee728b)
Start importing Assets/Sprites/Tiles/sprites_6.asset using Guid(05b4ae74924b3bb44b9adc4ef34a3e87) Importer(815301076,1909f56bfc062723c751e8b465ee728b) (PreviewImporter) -> (artifact id: 'dd3c21271330a6993612b9cbbc443b78') in 0.0020611 seconds
Number of updated asset objects reloaded before import = 0Number of asset objects unloaded after import = 1

========================================================================
Received Import Request.
  Time since last request: 0.000026 seconds.
  path: Assets/Sprites/Tiles/sprites_22.asset
  artifactKey: Guid(dc87cc91f9d7ce040ad2b9cb1ffd6010) Importer(815301076,1909f56bfc062723c751e8b465ee728b)
Start importing Assets/Sprites/Tiles/sprites_22.asset using Guid(dc87cc91f9d7ce040ad2b9cb1ffd6010) Importer(815301076,1909f56bfc062723c751e8b465ee728b) (PreviewImporter) -> (artifact id: '3ac877dae30166c0b82e3ed7190e1561') in 0.002226 seconds
Number of updated asset objects reloaded before import = 0Number of asset objects unloaded after import = 1

========================================================================
Received Import Request.
  Time since last request: 0.000023 seconds.
  path: Assets/Sprites/Tiles/sprites_3.asset
  artifactKey: Guid(54aa2120fd8cf6741ac596fae2d80467) Importer(815301076,1909f56bfc062723c751e8b465ee728b)
Start importing Assets/Sprites/Tiles/sprites_3.asset using Guid(54aa2120fd8cf6741ac596fae2d80467) Importer(815301076,1909f56bfc062723c751e8b465ee728b) (PreviewImporter) -> (artifact id: 'e48d96d2f4db4e40f0224bca3fad94b4') in 0.0020378 seconds
Number of updated asset objects reloaded before import = 0Number of asset objects unloaded after import = 1

========================================================================
Received Import Request.
  Time since last request: 0.000029 seconds.
  path: Assets/Sprites/Tiles/sprites_11.asset
  artifactKey: Guid(5ab9e7e292bfa274fa98463c4ebabc4e) Importer(815301076,1909f56bfc062723c751e8b465ee728b)
Start importing Assets/Sprites/Tiles/sprites_11.asset using Guid(5ab9e7e292bfa274fa98463c4ebabc4e) Importer(815301076,1909f56bfc062723c751e8b465ee728b) (PreviewImporter) -> (artifact id: 'f3ab654c3c244934465b840660d59de6') in 0.0019316 seconds
Number of updated asset objects reloaded before import = 0Number of asset objects unloaded after import = 1

========================================================================
Received Import Request.
  Time since last request: 0.000022 seconds.
  path: Assets/Sprites/Tiles/sprites_27.asset
  artifactKey: Guid(f08570b5356912e4d8bf114672cec746) Importer(815301076,1909f56bfc062723c751e8b465ee728b)
Start importing Assets/Sprites/Tiles/sprites_27.asset using Guid(f08570b5356912e4d8bf114672cec746) Importer(815301076,1909f56bfc062723c751e8b465ee728b) (PreviewImporter) -> (artifact id: '29920f7067e41aac9e60105ad491a04f') in 0.0025112 seconds
Number of updated asset objects reloaded before import = 0Number of asset objects unloaded after import = 1

========================================================================
Received Import Request.
  Time since last request: 0.000022 seconds.
  path: Assets/Sprites/Tiles/sprites_25.asset
  artifactKey: Guid(1708f71c4995eab4a833c86e64220a82) Importer(815301076,1909f56bfc062723c751e8b465ee728b)
Start importing Assets/Sprites/Tiles/sprites_25.asset using Guid(1708f71c4995eab4a833c86e64220a82) Importer(815301076,1909f56bfc062723c751e8b465ee728b) (PreviewImporter) -> (artifact id: '40332f8b58874dcc6c040ff65cb599c3') in 0.0024467 seconds
Number of updated asset objects reloaded before import = 0Number of asset objects unloaded after import = 1

========================================================================
Received Import Request.
  Time since last request: 0.000027 seconds.
  path: Assets/Sprites/Tiles/sprites_21.asset
  artifactKey: Guid(dfd8edceeb5976c46a4de89eaba82a0d) Importer(815301076,1909f56bfc062723c751e8b465ee728b)
Start importing Assets/Sprites/Tiles/sprites_21.asset using Guid(dfd8edceeb5976c46a4de89eaba82a0d) Importer(815301076,1909f56bfc062723c751e8b465ee728b) (PreviewImporter) -> (artifact id: 'bd836b7e5738ee3336abebde7a61f349') in 0.0024307 seconds
Number of updated asset objects reloaded before import = 0Number of asset objects unloaded after import = 1

========================================================================
Received Import Request.
  Time since last request: 0.000024 seconds.
  path: Assets/Sprites/Tiles/sprites_29.asset
  artifactKey: Guid(5a50d9901ab1d254781bdbe799e65f03) Importer(815301076,1909f56bfc062723c751e8b465ee728b)
Start importing Assets/Sprites/Tiles/sprites_29.asset using Guid(5a50d9901ab1d254781bdbe799e65f03) Importer(815301076,1909f56bfc062723c751e8b465ee728b) (PreviewImporter) -> (artifact id: '4fd531a3a7b66fe8acf8be66906d8b19') in 0.002214 seconds
Number of updated asset objects reloaded before import = 0Number of asset objects unloaded after import = 1

========================================================================
Received Import Request.
  Time since last request: 0.000028 seconds.
  path: Assets/Sprites/Tiles/sprites_2.asset
  artifactKey: Guid(dc938c6a4bf393c4a8e322fb338a888d) Importer(815301076,1909f56bfc062723c751e8b465ee728b)
Start importing Assets/Sprites/Tiles/sprites_2.asset using Guid(dc938c6a4bf393c4a8e322fb338a888d) Importer(815301076,1909f56bfc062723c751e8b465ee728b) (PreviewImporter) -> (artifact id: 'd3bef564e9b59bd1eb0583bbf03fdb7d') in 0.0021498 seconds
Number of updated asset objects reloaded before import = 0Number of asset objects unloaded after import = 1

========================================================================
Received Import Request.
  Time since last request: 0.000024 seconds.
  path: Assets/Sprites/Tiles/sprites_31.asset
  artifactKey: Guid(3c5e68809a0d32a489c543e7fdad4a2c) Importer(815301076,1909f56bfc062723c751e8b465ee728b)
Start importing Assets/Sprites/Tiles/sprites_31.asset using Guid(3c5e68809a0d32a489c543e7fdad4a2c) Importer(815301076,1909f56bfc062723c751e8b465ee728b) (PreviewImporter) -> (artifact id: '461590f3b7bc91514645af290624ad5d') in 0.0025041 seconds
Number of updated asset objects reloaded before import = 0Number of asset objects unloaded after import = 1

========================================================================
Received Import Request.
  Time since last request: 0.000021 seconds.
  path: Assets/Sprites/Tiles/sprites_9.asset
  artifactKey: Guid(e7c7653cada0eb14a8839469dcdbc54a) Importer(815301076,1909f56bfc062723c751e8b465ee728b)
Start importing Assets/Sprites/Tiles/sprites_9.asset using Guid(e7c7653cada0eb14a8839469dcdbc54a) Importer(815301076,1909f56bfc062723c751e8b465ee728b) (PreviewImporter) -> (artifact id: '54f454522553639a41bc18e26ad72673') in 0.0021041 seconds
Number of updated asset objects reloaded before import = 0Number of asset objects unloaded after import = 1

========================================================================
Received Import Request.
  Time since last request: 0.000034 seconds.
  path: Assets/Sprites/Tiles/sprites_13.asset
  artifactKey: Guid(1b1843204d79b6442a2564484beee27f) Importer(815301076,1909f56bfc062723c751e8b465ee728b)
Start importing Assets/Sprites/Tiles/sprites_13.asset using Guid(1b1843204d79b6442a2564484beee27f) Importer(815301076,1909f56bfc062723c751e8b465ee728b) (PreviewImporter) -> (artifact id: 'f04234ff019e9f8fcc814e6fbf8fdbc9') in 0.0022066 seconds
Number of updated asset objects reloaded before import = 0Number of asset objects unloaded after import = 1

========================================================================
Received Import Request.
  Time since last request: 0.000037 seconds.
  path: Assets/Sprites/Tiles/sprites_30.asset
  artifactKey: Guid(02295c2303faec74a8106a2202dc8c4d) Importer(815301076,1909f56bfc062723c751e8b465ee728b)
Start importing Assets/Sprites/Tiles/sprites_30.asset using Guid(02295c2303faec74a8106a2202dc8c4d) Importer(815301076,1909f56bfc062723c751e8b465ee728b) (PreviewImporter) -> (artifact id: '7b7a026bb715601cae72edc4e826af96') in 0.0027121 seconds
Number of updated asset objects reloaded before import = 0Number of asset objects unloaded after import = 1

========================================================================
Received Import Request.
  Time since last request: 0.000025 seconds.
  path: Assets/Sprites/Tiles/sprites_23.asset
  artifactKey: Guid(30d80937e13dd16409b59bfc9acee439) Importer(815301076,1909f56bfc062723c751e8b465ee728b)
Start importing Assets/Sprites/Tiles/sprites_23.asset using Guid(30d80937e13dd16409b59bfc9acee439) Importer(815301076,1909f56bfc062723c751e8b465ee728b) (PreviewImporter) -> (artifact id: 'a1920fec5950dadb7c3a0c9bb5a7878f') in 0.0024753 seconds
Number of updated asset objects reloaded before import = 0Number of asset objects unloaded after import = 1

========================================================================
Received Import Request.
  Time since last request: 0.000024 seconds.
  path: Assets/Sprites/Tiles/sprites_37.asset
  artifactKey: Guid(87a4c1867fa1fd54cbfbfa5f2b625c7e) Importer(815301076,1909f56bfc062723c751e8b465ee728b)
Start importing Assets/Sprites/Tiles/sprites_37.asset using Guid(87a4c1867fa1fd54cbfbfa5f2b625c7e) Importer(815301076,1909f56bfc062723c751e8b465ee728b) (PreviewImporter) -> (artifact id: '3a306466492c6ead3f044fc9bf682800') in 0.0021879 seconds
Number of updated asset objects reloaded before import = 0Number of asset objects unloaded after import = 1

========================================================================
Received Import Request.
  Time since last request: 0.000039 seconds.
  path: Assets/Sprites/Tiles/level_5.asset
  artifactKey: Guid(df5d335e2da981540b09b5bd17c60a4d) Importer(815301076,1909f56bfc062723c751e8b465ee728b)
Start importing Assets/Sprites/Tiles/level_5.asset using Guid(df5d335e2da981540b09b5bd17c60a4d) Importer(815301076,1909f56bfc062723c751e8b465ee728b) (PreviewImporter) -> (artifact id: 'ea39683758d855f0a2292bb043889ce7') in 0.0059551 seconds
Number of updated asset objects reloaded before import = 0Number of asset objects unloaded after import = 3

========================================================================
Received Import Request.
  Time since last request: 0.000022 seconds.
  path: Assets/Sprites/Tiles/sprites_7.asset
  artifactKey: Guid(29431584dd2296743a88e164fc9a189c) Importer(815301076,1909f56bfc062723c751e8b465ee728b)
Start importing Assets/Sprites/Tiles/sprites_7.asset using Guid(29431584dd2296743a88e164fc9a189c) Importer(815301076,1909f56bfc062723c751e8b465ee728b) (PreviewImporter) -> (artifact id: 'b9c21d860b0e71a72415f65c5a530d65') in 0.0028929 seconds
Number of updated asset objects reloaded before import = 0Number of asset objects unloaded after import = 1

========================================================================
Received Import Request.
  Time since last request: 0.000027 seconds.
  path: Assets/Sprites/Tiles/sprites_17.asset
  artifactKey: Guid(9fd31eeb67d9bfc418ec8d1139378eae) Importer(815301076,1909f56bfc062723c751e8b465ee728b)
Start importing Assets/Sprites/Tiles/sprites_17.asset using Guid(9fd31eeb67d9bfc418ec8d1139378eae) Importer(815301076,1909f56bfc062723c751e8b465ee728b) (PreviewImporter) -> (artifact id: '107569a216863584db069ed6d2d662f4') in 0.0026886 seconds
Number of updated asset objects reloaded before import = 0Number of asset objects unloaded after import = 1

========================================================================
Received Import Request.
  Time since last request: 0.000045 seconds.
  path: Assets/Sprites/Tiles/sprites_4.asset
  artifactKey: Guid(c7398e297b4bf7d488e496a9374eeac0) Importer(815301076,1909f56bfc062723c751e8b465ee728b)
Start importing Assets/Sprites/Tiles/sprites_4.asset using Guid(c7398e297b4bf7d488e496a9374eeac0) Importer(815301076,1909f56bfc062723c751e8b465ee728b) (PreviewImporter) -> (artifact id: 'd39cc065512817096142a42b667eebfc') in 0.0027697 seconds
Number of updated asset objects reloaded before import = 0Number of asset objects unloaded after import = 1

========================================================================
Received Import Request.
  Time since last request: 0.000029 seconds.
  path: Assets/Sprites/Tiles/sprites_14.asset
  artifactKey: Guid(5eeef765f917b664a8ca3c1ca14210a7) Importer(815301076,1909f56bfc062723c751e8b465ee728b)
Start importing Assets/Sprites/Tiles/sprites_14.asset using Guid(5eeef765f917b664a8ca3c1ca14210a7) Importer(815301076,1909f56bfc062723c751e8b465ee728b) (PreviewImporter) -> (artifact id: '7d32b35ca3dc06da58ed62c52a6919ab') in 0.0025608 seconds
Number of updated asset objects reloaded before import = 0Number of asset objects unloaded after import = 1

========================================================================
Received Import Request.
  Time since last request: 0.000030 seconds.
  path: Assets/Sprites/Tiles/sprites_1.asset
  artifactKey: Guid(9d7dcd6d1189e7642ac11eadc997b7b9) Importer(815301076,1909f56bfc062723c751e8b465ee728b)
Start importing Assets/Sprites/Tiles/sprites_1.asset using Guid(9d7dcd6d1189e7642ac11eadc997b7b9) Importer(815301076,1909f56bfc062723c751e8b465ee728b) (PreviewImporter) -> (artifact id: 'bf8543523d84fbcec8e9b9c395fe0b33') in 0.0027711 seconds
Number of updated asset objects reloaded before import = 0Number of asset objects unloaded after import = 1

========================================================================
Received Import Request.
  Time since last request: 0.000025 seconds.
  path: Assets/Sprites/Tiles/sprites_32.asset
  artifactKey: Guid(a490c60a5aaee68468cf0d66956ad722) Importer(815301076,1909f56bfc062723c751e8b465ee728b)
Start importing Assets/Sprites/Tiles/sprites_32.asset using Guid(a490c60a5aaee68468cf0d66956ad722) Importer(815301076,1909f56bfc062723c751e8b465ee728b) (PreviewImporter) -> (artifact id: 'dc76b4b4f0bd2d19bbf14c5c809805de') in 0.0025141 seconds
Number of updated asset objects reloaded before import = 0Number of asset objects unloaded after import = 1

========================================================================
Received Import Request.
  Time since last request: 0.000023 seconds.
  path: Assets/Sprites/Tiles/sprites_15.asset
  artifactKey: Guid(bb35c1d1318421243aa29955fbc07974) Importer(815301076,1909f56bfc062723c751e8b465ee728b)
Start importing Assets/Sprites/Tiles/sprites_15.asset using Guid(bb35c1d1318421243aa29955fbc07974) Importer(815301076,1909f56bfc062723c751e8b465ee728b) (PreviewImporter) -> (artifact id: '5e38499736d745235ca87df4e1e019ff') in 0.0023824 seconds
Number of updated asset objects reloaded before import = 0Number of asset objects unloaded after import = 1

========================================================================
Received Import Request.
  Time since last request: 0.000031 seconds.
  path: Assets/Sprites/Tiles/sprites_38.asset
  artifactKey: Guid(9249091d7b29af940978a61a7cea353b) Importer(815301076,1909f56bfc062723c751e8b465ee728b)
Start importing Assets/Sprites/Tiles/sprites_38.asset using Guid(9249091d7b29af940978a61a7cea353b) Importer(815301076,1909f56bfc062723c751e8b465ee728b) (PreviewImporter) -> (artifact id: 'db88538af15c5401021ddc439e07a8e5') in 0.0021376 seconds
Number of updated asset objects reloaded before import = 0Number of asset objects unloaded after import = 1

========================================================================
Received Import Request.
  Time since last request: 141.183260 seconds.
  path: Assets/Sprites/interactibles.png
  artifactKey: Guid(167e37f6d25649e43ac43413372d4db0) Importer(815301076,1909f56bfc062723c751e8b465ee728b)
Start importing Assets/Sprites/interactibles.png using Guid(167e37f6d25649e43ac43413372d4db0) Importer(815301076,1909f56bfc062723c751e8b465ee728b) (PreviewImporter) -> (artifact id: 'c85baf0b695fb74608df3b0b0ae582a9') in 0.05457 seconds
Number of updated asset objects reloaded before import = 0Number of asset objects unloaded after import = 4

========================================================================
Received Import Request.
  Time since last request: 10.271063 seconds.
  path: Assets/Sprites/level.png
  artifactKey: Guid(e74bee53382840d4f80a2e0650339d16) Importer(815301076,1909f56bfc062723c751e8b465ee728b)
Start importing Assets/Sprites/level.png using Guid(e74bee53382840d4f80a2e0650339d16) Importer(815301076,1909f56bfc062723c751e8b465ee728b) (PreviewImporter) -> (artifact id: '492d448603db3809fd27dda8093449cf') in 0.1249242 seconds
Number of updated asset objects reloaded before import = 0Number of asset objects unloaded after import = 9

========================================================================
Received Import Request.
  Time since last request: 3.906592 seconds.
  path: Assets/Sprites/level.png
  artifactKey: Guid(e74bee53382840d4f80a2e0650339d16) Importer(815301076,1909f56bfc062723c751e8b465ee728b)
Start importing Assets/Sprites/level.png using Guid(e74bee53382840d4f80a2e0650339d16) Importer(815301076,1909f56bfc062723c751e8b465ee728b) (PreviewImporter) -> (artifact id: '4367d5b3e9a48c46ffd101e3919b2d79') in 0.0186255 seconds
Number of updated asset objects reloaded before import = 0Number of asset objects unloaded after import = 7

========================================================================
Received Import Request.
  Time since last request: 13.793290 seconds.
  path: Assets/Sprites/bullets.png
  artifactKey: Guid(01dacd3be44c4c94396b0ed3993cc1bd) Importer(815301076,1909f56bfc062723c751e8b465ee728b)
Start importing Assets/Sprites/bullets.png using Guid(01dacd3be44c4c94396b0ed3993cc1bd) Importer(815301076,1909f56bfc062723c751e8b465ee728b) (PreviewImporter) -> (artifact id: '09bdc6dc6c836323a2824466be6fa46f') in 0.0825261 seconds
Number of updated asset objects reloaded before import = 0Number of asset objects unloaded after import = 6

========================================================================
Received Import Request.
  Time since last request: 12.969586 seconds.
  path: Assets/Sprites/interactibles.png
  artifactKey: Guid(167e37f6d25649e43ac43413372d4db0) Importer(815301076,1909f56bfc062723c751e8b465ee728b)
Start importing Assets/Sprites/interactibles.png using Guid(167e37f6d25649e43ac43413372d4db0) Importer(815301076,1909f56bfc062723c751e8b465ee728b) (PreviewImporter) -> (artifact id: '11c8ad557591f20a1782998ab9fb98b3') in 0.0431133 seconds
Number of updated asset objects reloaded before import = 0Number of asset objects unloaded after import = 4

========================================================================
Received Import Request.
  Time since last request: 19.648283 seconds.
  path: Assets/Sprites/Tiles/New Tile Palette.prefab
  artifactKey: Guid(c9899935bd96ac7488a77055f3bb1c9a) Importer(815301076,1909f56bfc062723c751e8b465ee728b)
Start importing Assets/Sprites/Tiles/New Tile Palette.prefab using Guid(c9899935bd96ac7488a77055f3bb1c9a) Importer(815301076,1909f56bfc062723c751e8b465ee728b) (PreviewImporter) -> (artifact id: 'ea58b93f08b2183cc1b2fe6d5b49e848') in 0.0144703 seconds
Number of updated asset objects reloaded before import = 0Number of asset objects unloaded after import = 10

========================================================================
Received Import Request.
  Time since last request: 2.156882 seconds.
  path: Assets/Sprites/Tiles/New Tile Palette.prefab
  artifactKey: Guid(c9899935bd96ac7488a77055f3bb1c9a) Importer(815301076,1909f56bfc062723c751e8b465ee728b)
Start importing Assets/Sprites/Tiles/New Tile Palette.prefab using Guid(c9899935bd96ac7488a77055f3bb1c9a) Importer(815301076,1909f56bfc062723c751e8b465ee728b) (PreviewImporter) -> (artifact id: '1ba1fe0872b43c37fad1daf1db764623') in 0.0156689 seconds
Number of updated asset objects reloaded before import = 0Number of asset objects unloaded after import = 21

========================================================================
Received Import Request.
  Time since last request: 0.000023 seconds.
  path: Assets/Sprites/Tiles/level_4.asset
  artifactKey: Guid(d338a1b17ca19b648a8d5ccd9a65a070) Importer(815301076,1909f56bfc062723c751e8b465ee728b)
Start importing Assets/Sprites/Tiles/level_4.asset using Guid(d338a1b17ca19b648a8d5ccd9a65a070) Importer(815301076,1909f56bfc062723c751e8b465ee728b) (PreviewImporter) -> (artifact id: '6a07052b32691c1026c5199a542023eb') in 0.0040657 seconds
Number of updated asset objects reloaded before import = 0Number of asset objects unloaded after import = 3

========================================================================
Received Import Request.
  Time since last request: 0.000027 seconds.
  path: Assets/Sprites/Tiles/level_2.asset
  artifactKey: Guid(8a1c78aa629030d489c15593a3e6f23a) Importer(815301076,1909f56bfc062723c751e8b465ee728b)
Start importing Assets/Sprites/Tiles/level_2.asset using Guid(8a1c78aa629030d489c15593a3e6f23a) Importer(815301076,1909f56bfc062723c751e8b465ee728b) (PreviewImporter) -> (artifact id: 'de6d3554fe2aa25feba2c61af993ea85') in 0.0042714 seconds
Number of updated asset objects reloaded before import = 0Number of asset objects unloaded after import = 3

Editor requested this worker to shutdown with reason: Scaling down because of idle timeout
AssetImportWorker is now disconnected from the server
Process exiting
Exiting without the bug reporter. Application will terminate with return code 0